e:\cpp\atlas-cutter\atlas\tmp1\fileoperation.obj
e:\cpp\atlas-cutter\atlas\tmp1\dx11implementation.obj
e:\cpp\atlas-cutter\atlas\tmp1\validatepath.obj
e:\cpp\atlas-cutter\atlas\tmp1\fileloadandsave.obj
e:\cpp\atlas-cutter\atlas\tmp1\alphautils.obj
e:\cpp\atlas-cutter\atlas\tmp1\rectangleitem.obj
e:\cpp\atlas-cutter\atlas\tmp1\imgui_impl_sdl.obj
e:\cpp\atlas-cutter\atlas\tmp1\imgui_impl_dx11.obj
e:\cpp\atlas-cutter\atlas\tmp1\zoom.obj
e:\cpp\atlas-cutter\atlas\tmp1\main2.obj
e:\cpp\atlas-cutter\atlas\tmp1\vc141.pdb
e:\cpp\atlas-cutter\atlas\release\atlas.ilk
e:\cpp\atlas-cutter\atlas\release\atlas.exe
e:\cpp\atlas-cutter\atlas\release\atlas.pdb
e:\cpp\atlas-cutter\atlas\tmp1\..\release\atlas.pdb
e:\cpp\atlas-cutter\atlas\atlas\..\release\atlas.exe
e:\cpp\atlas-cutter\atlas\tmp1\..\release\atlas.ilk
e:\cpp\atlas-cutter\atlas\tmp1\atlas.tlog\cl.10008.write.1.tlog
e:\cpp\atlas-cutter\atlas\tmp1\atlas.tlog\cl.command.1.tlog
e:\cpp\atlas-cutter\atlas\tmp1\atlas.tlog\cl.read.1.tlog
e:\cpp\atlas-cutter\atlas\tmp1\atlas.tlog\link.command.1.tlog
e:\cpp\atlas-cutter\atlas\tmp1\atlas.tlog\link.read.1.tlog
e:\cpp\atlas-cutter\atlas\tmp1\atlas.tlog\link.write.1.tlog
